<?xml version="1.0" encoding="UTF-8"?>
<!-- Generated by org.testng.reporters.JUnitReportReporter -->
<testsuite hostname="DESKTOP-17MMR9T" name="qaclickacademy.SeleniumTest" tests="2" failures="0" timestamp="7 Aug 2020 07:27:39 GMT" time="0.004" errors="0">
  <testcase name="browserautomation" time="0.002" classname="qaclickacademy.SeleniumTest"/>
  <testcase name="elementsUi" time="0.002" classname="qaclickacademy.SeleniumTest"/>
</testsuite> <!-- qaclickacademy.SeleniumTest -->
